*** Life<ConwayCell> 69x141 ***
Generation = 101 Population = 287.
.............................................................................................................................................
........**..............................................................**...................................................................
........**.............................................................*..*..................................................................
........................................................................**...................................................................
.............................................................................................................................................
.............................................................................................................................................
.............................................................................................................................................
.............................................................................................................................................
.............................................................................................................................................
..................................................................................***........................................................
.............................................................................................................................................
.............................................................................................................................................
.............................................................................................................................................
.......................................................................................................***...................................
.............................................................................................................................................
.............................................................................................................................................
.............................................................................................................................................
..........................................................................................................................................**.
..........................................................................................................................................**.
................................................................................................................................***..........
......................................................................................*......................................................
....................................................................**................*.......................................*.....*........
..........................................**........................**................*.......................................*.....*........
..........................................**.............................................................***..................*.....*........
.......................................................................................................................................**....
.....................................................................*.................................................*........***....**....
....................................................................*.*...............................................*.*....................
....................................................................*.*...............................................*.*....................
.....................................................................*............*....................................*.....................
.................................................................................*.*.........................................................
..................................................................................**.........................................................
...................................**........................................................................................................
...................................**.......................**......................................................*........................
...........................................................*..*....................................................*.*.......................
............................................**..............**........................*............................*.*.......................
...........................................*..*.................................*......**...........................*........................
............................................**.................................*..............**.............................................
...............................................................................*****...**.....**.............................................
................................................................................**.***..*....................................................
.......................................................................................*.....................................................
..................................................................................*....*.....................................................
.....................................................................................*...........................................***.........
..................................................................................**...............................................*.........
..................................................................................**..*...***..................................**.**.........
...................................................................................*...**......................................*.............
...................................................................................*....*......................................*.............
...................*..................................................................**........................................*..*.........
..................*.*...........................................................................*.......****.....................*..*........
..................*.*......................................***..................................*.......*..**.....................**.........
...................*............................................................................*........*....*..............................
....................................................................................***...............*..*.*..**.............................
...................................................................................*..**............***.****.*...............................
...................................................................................***.**...........**...*...................................
.....................................................................................***............**....**.................................
...................................................................................**.**.............**...**.................................
...................................................................................*.***..............*....**................................
...................................................................................*****...................**.**.............................
.....................................................................................*........................**................**......**...
.........................................................................................................*......................**......**...
........................................................................................................*....***.............................
........................................................................................................*....................................
.......................................................................................................*...**.*....***.................**....
.......................................................................................................*.*..***........................**....
................................................................................................**.......*.*..**.......*.....................
..........................................*....................................................*..*...*....*...........*.....................
.........................................*.*....................................................**.....**.*............*.....................
.........................................*.*............................................................***..................................
..........................................*..............................................................**..................................
.............................................................................................................................................

Generation = 201 Population = 214.
.............................................................................................................................................
........**..............................................................**...................................................................
........**.............................................................*..*..................................................................
........................................................................**...................................................................
.............................................................................................................................................
.............................................................................................................................................
.............................................................................................................................................
.............................................................................................................................................
.............................................................................................................................................
..................................................................................***........................................................
.............................................................................................................................................
.............................................................................................................................................
.............................................................................................................................................
.......................................................................................................***...................................
.............................................................................................................................................
.............................................................................................................................................
.............................................................................................................................................
..........................................................................................................................................**.
..........................................................................................................................................**.
................................................................................................................................***..........
......................................................................................*......................................................
....................................................................**................*.......................................*.....*........
..........................................**........................**................*.......................................*.....*........
..........................................**.............................................................***..................*.....*........
.......................................................................................................................................**....
.....................................................................*.................................................*........***....**....
....................................................................*.*...............................................*.*....................
....................................................................*.*...............................................*.*....................
.....................................................................*.................................................*.....................
.............................................................................................................................................
.............................................................................................................................................
...................................**........................................................................................................
...................................**.......................**.....................*................................*........................
...........................................................*..*....................................................*.*.......................
............................................**..............**..............**.....*...............................*.*.......................
...........................................*..*........................***..**...**.................................*........................
............................................**.........................**...*...*..*.........**..............................................
.....................................................................**.*...................*..*.............................................
................................................................................*..*.......**..*.............................................
..................................................................*..............***........***..............................................
..................................................................***...*............*.......................................................
...................................................................*.***...........**.....*.*................................................
....................................................................................*.....*.*................................................
......................................................................***....................................................................
......................................................................***....................................................................
......................................................................................*..........**..........................................
...................*.................................................................***.........**..........................................
..................*.*................................................................*.*.....................................................
..................*.*......................................***.............................**................................................
...................*.......................................................................**................................................
.......................................................................................**....................................................
......................................................................................**.....................................................
...................................................................................*..**.....*...............................................
...................................................................................***......*................................................
....................................................................................*.......***..............................................
.............................................................................................................................................
.............................................................................................................................................
................................................................................................................................**......**...
................................................................................................................................**......**...
.............................................................................................................................................
.............................................................................................................................................
...................................................................................................................***.................**....
.......................................................................................................................................**....
................................................................................................**.....................*.....................
..........................................*....................................................*..*....................*.....................
.........................................*.*....................................................**............**.......*.....................
.........................................*.*..................................................................**.............................
..........................................*..................................................................................................
.............................................................................................................................................

Generation = 401 Population = 179.
.............................................................................................................................................
........**..............................................................**...................................................................
........**.............................................................*..*..................................................................
........................................................................**...................................................................
.............................................................................................................................................
.............................................................................................................................................
.............................................................................................................................................
.............................................................................................................................................
.............................................................................................................................................
..................................................................................***........................................................
.............................................................................................................................................
.............................................................................................................................................
.............................................................................................................................................
.......................................................................................................***...................................
.............................................................................................................................................
.............................................................................................................................................
.............................................................................................................................................
..........................................................................................................................................**.
..........................................................................................................................................**.
................................................................................................................................***..........
......................................................................................*......................................................
....................................................................**................*.......................................*.....*........
..........................................**........................**................*.......................................*.....*........
..........................................**.............................................................***..................*.....*........
.......................................................................................................................................**....
.....................................................................*.................................................*........***....**....
....................................................................*.*...............................................*.*....................
....................................................................*.*...............................................*.*....................
.....................................................................*.................................................*.....................
.............................................................................................................................................
.............................................................................................................................................
...................................**........................................................................................................
...................................**.......................**......................................................*........................
...........................................................*..*....................................................*.*.......................
............................................**..............**..........*..........................................*.*.......................
...........................................*..*........................*.*..........................................*........................
............................................**.........................*.*.........*.........................................................
...................................................................**...*..........*.........................................................
...................................................................**..............*.........................................................
...........................................................................................**..***...........................................
...............................................................................***...***...**................................................
.............................................................................................................................................
...................................................................................*.........................................................
...................................................................................*.........................................................
...................................................................................*.........................................................
.................................................................................................**..........................................
...................*.............................................................................**..........................................
..................*.*........................................................................................................................
..................*.*......................................***...............................................................................
...................*.........................................................................................................................
...............................................................................................*.............................................
..............................................................................................*.*............................................
..............................................................................................*.*............................................
...............................................................................................*.............................................
.............................................................................................................................................
.............................................................................................................................................
............................................................................................**...............................................
...........................................................................................*..*.................................**......**...
...............................................................................***..........**..................................**......**...
.............................................................................................................................................
.............................................................................................................................................
...................................................................................................................***.................**....
.......................................................................................................................................**....
................................................................................................**.....................*.....................
..........................................*....................................................*..*....................*.....................
.........................................*.*....................................................**............**.......*.....................
.........................................*.*...................................**.............................**.............................
..........................................*....................................**............................................................
.............................................................................................................................................

Generation = 801 Population = 179.
.............................................................................................................................................
........**..............................................................**...................................................................
........**.............................................................*..*..................................................................
........................................................................**...................................................................
.............................................................................................................................................
.............................................................................................................................................
.............................................................................................................................................
.............................................................................................................................................
.............................................................................................................................................
..................................................................................***........................................................
.............................................................................................................................................
.............................................................................................................................................
.............................................................................................................................................
.......................................................................................................***...................................
.............................................................................................................................................
.............................................................................................................................................
.............................................................................................................................................
..........................................................................................................................................**.
..........................................................................................................................................**.
................................................................................................................................***..........
......................................................................................*......................................................
....................................................................**................*.......................................*.....*........
..........................................**........................**................*.......................................*.....*........
..........................................**.............................................................***..................*.....*........
.......................................................................................................................................**....
.....................................................................*.................................................*........***....**....
....................................................................*.*...............................................*.*....................
....................................................................*.*...............................................*.*....................
.....................................................................*.................................................*.....................
.............................................................................................................................................
.............................................................................................................................................
...................................**........................................................................................................
...................................**.......................**......................................................*........................
...........................................................*..*....................................................*.*.......................
............................................**..............**..........*..........................................*.*.......................
...........................................*..*........................*.*..........................................*........................
............................................**.........................*.*.........*.........................................................
...................................................................**...*..........*.........................................................
...................................................................**..............*.........................................................
...........................................................................................**..***...........................................
...............................................................................***...***...**................................................
.............................................................................................................................................
...................................................................................*.........................................................
...................................................................................*.........................................................
...................................................................................*.........................................................
.................................................................................................**..........................................
...................*.............................................................................**..........................................
..................*.*........................................................................................................................
..................*.*......................................***...............................................................................
...................*.........................................................................................................................
...............................................................................................*.............................................
..............................................................................................*.*............................................
..............................................................................................*.*............................................
...............................................................................................*.............................................
.............................................................................................................................................
.............................................................................................................................................
............................................................................................**...............................................
...........................................................................................*..*.................................**......**...
...............................................................................***..........**..................................**......**...
.............................................................................................................................................
.............................................................................................................................................
...................................................................................................................***.................**....
.......................................................................................................................................**....
................................................................................................**.....................*.....................
..........................................*....................................................*..*....................*.....................
.........................................*.*....................................................**............**.......*.....................
.........................................*.*...................................**.............................**.............................
..........................................*....................................**............................................................
.............................................................................................................................................

Generation = 1001 Population = 179.
.............................................................................................................................................
........**..............................................................**...................................................................
........**.............................................................*..*..................................................................
........................................................................**...................................................................
.............................................................................................................................................
.............................................................................................................................................
.............................................................................................................................................
.............................................................................................................................................
.............................................................................................................................................
..................................................................................***........................................................
.............................................................................................................................................
.............................................................................................................................................
.............................................................................................................................................
.......................................................................................................***...................................
.............................................................................................................................................
.............................................................................................................................................
.............................................................................................................................................
..........................................................................................................................................**.
..........................................................................................................................................**.
................................................................................................................................***..........
......................................................................................*......................................................
....................................................................**................*.......................................*.....*........
..........................................**........................**................*.......................................*.....*........
..........................................**.............................................................***..................*.....*........
.......................................................................................................................................**....
.....................................................................*.................................................*........***....**....
....................................................................*.*...............................................*.*....................
....................................................................*.*...............................................*.*....................
.....................................................................*.................................................*.....................
.............................................................................................................................................
.............................................................................................................................................
...................................**........................................................................................................
...................................**.......................**......................................................*........................
...........................................................*..*....................................................*.*.......................
............................................**..............**..........*..........................................*.*.......................
...........................................*..*........................*.*..........................................*........................
............................................**.........................*.*.........*.........................................................
...................................................................**...*..........*.........................................................
...................................................................**..............*.........................................................
...........................................................................................**..***...........................................
...............................................................................***...***...**................................................
.............................................................................................................................................
...................................................................................*.........................................................
...................................................................................*.........................................................
...................................................................................*.........................................................
.................................................................................................**..........................................
...................*.............................................................................**..........................................
..................*.*........................................................................................................................
..................*.*......................................***...............................................................................
...................*.........................................................................................................................
...............................................................................................*.............................................
..............................................................................................*.*............................................
..............................................................................................*.*............................................
...............................................................................................*.............................................
.............................................................................................................................................
.............................................................................................................................................
............................................................................................**...............................................
...........................................................................................*..*.................................**......**...
...............................................................................***..........**..................................**......**...
.............................................................................................................................................
.............................................................................................................................................
...................................................................................................................***.................**....
.......................................................................................................................................**....
................................................................................................**.....................*.....................
..........................................*....................................................*..*....................*.....................
.........................................*.*....................................................**............**.......*.....................
.........................................*.*...................................**.............................**.............................
..........................................*....................................**............................................................
.............................................................................................................................................
